<?xml version="1.0" encoding="UTF-8"?>
<!-- Generated by org.testng.reporters.JUnitReportReporter -->
<testsuite hostname="LIN59017121" failures="0" tests="2" name="api.automation.userManagent.TestUser" time="4.249" errors="0" timestamp="2021-08-10T12:08:53 IST" skipped="1">
  <testcase classname="api.automation.userManagent.TestUser" name="addnewUser" time="4.249"/>
  <system-out/>
  <testcase classname="api.automation.userManagent.TestUser" name="getUserDetails">
    <skipped/>
  </testcase> <!-- getUserDetails -->
  <system-out/>
</testsuite> <!-- api.automation.userManagent.TestUser -->
