<?xml version="1.0" encoding="UTF-8"?>
<!-- Generated by org.testng.reporters.JUnitReportReporter -->
<testsuite hostname="LIN59017121" failures="0" tests="1" name="api.automation.functions.TestGetRequest" time="2.784" errors="0" timestamp="2021-08-10T07:54:09 IST" skipped="0">
  <testcase classname="api.automation.functions.TestGetRequest" name="getUsers" time="2.784"/>
  <system-out/>
</testsuite> <!-- api.automation.functions.TestGetRequest -->
