<?xml version="1.0" encoding="UTF-8"?>
<!-- Generated by org.testng.reporters.JUnitReportReporter -->
<testsuite hostname="LIN59017121" failures="0" tests="1" name="api.automation.functions.TestPostRequest" time="3.618" errors="0" timestamp="2021-08-09T17:50:11 IST" skipped="0">
  <testcase classname="api.automation.functions.TestPostRequest" name="addUser" time="3.618"/>
  <system-out/>
</testsuite> <!-- api.automation.functions.TestPostRequest -->
