<?xml version="1.0" encoding="UTF-8"?>
<!-- Generated by org.testng.reporters.JUnitReportReporter -->
<testsuite hostname="LIN59017121" failures="0" tests="1" name="api.automation.functions.TestPutRequest" time="3.187" errors="0" timestamp="2021-08-06T20:04:03 IST" skipped="0">
  <testcase classname="api.automation.functions.TestPutRequest" name="updateUser" time="3.187"/>
  <system-out/>
</testsuite> <!-- api.automation.functions.TestPutRequest -->
