<?xml version="1.0" encoding="UTF-8"?>
<!-- Generated by org.testng.reporters.JUnitReportReporter -->
<testsuite hostname="LIN59017121" failures="0" tests="1" name="api.automation.functions.TestDeleteRequest" time="3.294" errors="0" timestamp="2021-08-07T09:31:35 IST" skipped="0">
  <testcase classname="api.automation.functions.TestDeleteRequest" name="delUser" time="3.294"/>
  <system-out/>
</testsuite> <!-- api.automation.functions.TestDeleteRequest -->
